Header: hostName: node3.cluster.com, Time Zone: Coordinated Universal Time, processName: null, processId: null
2021-11-19 11:17:55,651 INFO  org.apache.kafka.clients.consumer.ConsumerConfig [main]: ConsumerConfig values: 
	auto.commit.interval.ms = 5000
	auto.offset.reset = earliest
	bootstrap.servers = []
	check.crcs = true
	client.id = 
	connections.max.idle.ms = 540000
	enable.auto.commit = false
	exclude.internal.topics = true
	fetch.max.bytes = 52428800
	fetch.max.wait.ms = 500
	fetch.min.bytes = 1
	fs.mapr.hardmount = true
	group.id = Kafka10Consumer
	heartbeat.interval.ms = 3000
	interceptor.classes = []
	internal.leave.group.on.close = true
	isolation.level = read_uncommitted
	key.deserializer = class org.apache.kafka.common.serialization.ByteArrayDeserializer
	max.partition.fetch.bytes = 1048576
	max.poll.interval.ms = 300000
	max.poll.records = 500
	metadata.max.age.ms = 300000
	metric.reporters = []
	metrics.num.samples = 2
	metrics.recording.level = INFO
	metrics.sample.window.ms = 30000
	partition.assignment.strategy = [class org.apache.kafka.clients.consumer.RangeAssignor]
	receive.buffer.bytes = 65536
	reconnect.backoff.max.ms = 1000
	reconnect.backoff.ms = 50
	request.timeout.ms = 305000
	retry.backoff.ms = 100
	sasl.jaas.config = null
	sasl.kerberos.kinit.cmd = /usr/bin/kinit
	sasl.kerberos.min.time.before.relogin = 60000
	sasl.kerberos.service.name = null
	sasl.kerberos.ticket.renew.jitter = 0.05
	sasl.kerberos.ticket.renew.window.factor = 0.8
	sasl.mechanism = GSSAPI
	security.protocol = PLAINTEXT
	send.buffer.bytes = 131072
	session.timeout.ms = 10000
	ssl.cipher.suites = null
	ssl.cipher.suites.exclude = [TLS_DHE.*, TLS_EDH.*, .*RC4.*, .*MD5.*, .*DES.*]
	ssl.disabled.protocols = [SSLv3, TLSv1.0]
	ssl.enabled.protocols = [TLSv1.2, TLSv1.1]
	ssl.endpoint.identification.algorithm = null
	ssl.key.password = null
	ssl.keymanager.algorithm = SunX509
	ssl.keystore.location = null
	ssl.keystore.password = null
	ssl.keystore.type = JKS
	ssl.protocol = TLSv1.2
	ssl.provider = null
	ssl.secure.random.implementation = null
	ssl.trustmanager.algorithm = PKIX
	ssl.truststore.location = null
	ssl.truststore.password = null
	ssl.truststore.type = JKS
	streams.clientside.partition.assignment = false
	streams.clientside.partition.assignment.internal.stream = 
	streams.consumer.buffer.memory = 67108864
	streams.consumer.default.stream = 
	streams.default.internal.stream = 
	streams.negativeoffset.record.on.eof = false
	streams.record.strip.streampath = false
	streams.rpc.timeout.ms = 305000
	streams.zerooffset.record.on.eof = false
	value.deserializer = class org.apache.kafka.common.serialization.StringDeserializer

2021-11-19 11:17:57,024 INFO  org.eclipse.jetty.util.log [main]: Logging initialized @1819ms to org.eclipse.jetty.util.log.Slf4jLog
2021-11-19 11:17:57,304 WARN  org.apache.hadoop.util.NativeCodeLoader [main]: Unable to load native-hadoop library for your platform... using builtin-java classes where applicable
